<?xml version="1.0" encoding="UTF-8"?>
<!-- Generated by org.testng.reporters.JUnitXMLReporter -->
<testsuite ignored="0" hostname="SRINIVAS-G2005" failures="0" tests="4" name="Default test" time="19.754" errors="0" timestamp="2025-03-18T19:20:14 IST">
  <testcase classname="theInternetHerokuApp.HandlingAlerts" name="normalAlerts" time="3.201"/>
  <testcase classname="theInternetHerokuApp.HandlingAlerts" name="accessNameofAlert" time="3.159"/>
  <testcase classname="theInternetHerokuApp.HandlingAlerts" name="confirmationAlerts" time="3.19"/>
  <testcase classname="theInternetHerokuApp.HandlingAlerts" name="promptAlerts" time="0.172"/>
</testsuite> <!-- Default test -->
