<?xml version="1.0" encoding="UTF-8"?>
<testng-results ignored="0" total="1" passed="1" failed="0" skipped="0">
  <reporter-output>
  </reporter-output>
  <suite started-at="2025-03-16T10:03:05 IST" name="Default suite" finished-at="2025-03-16T10:03:34 IST" duration-ms="28920">
    <groups>
    </groups>
    <test started-at="2025-03-16T10:03:05 IST" name="Default test" finished-at="2025-03-16T10:03:34 IST" duration-ms="28920">
      <class name="demoQA.HandlingAlerts">
        <test-method is-config="true" signature="setUp()[pri:0, instance:demoQA.HandlingAlerts@1d296da]" started-at="2025-03-16T10:03:05 IST" name="setUp" finished-at="2025-03-16T10:03:33 IST" duration-ms="28122" status="PASS">
          <reporter-output>
          </reporter-output>
        </test-method> <!-- setUp -->
        <test-method signature="normalAlert()[pri:1, instance:demoQA.HandlingAlerts@1d296da]" started-at="2025-03-16T10:03:33 IST" name="normalAlert" finished-at="2025-03-16T10:03:33 IST" duration-ms="204" status="PASS">
          <reporter-output>
          </reporter-output>
        </test-method> <!-- normalAlert -->
        <test-method is-config="true" signature="tearDown()[pri:0, instance:demoQA.HandlingAlerts@1d296da]" started-at="2025-03-16T10:03:33 IST" name="tearDown" finished-at="2025-03-16T10:03:34 IST" duration-ms="525" status="PASS">
          <reporter-output>
          </reporter-output>
        </test-method> <!-- tearDown -->
      </class> <!-- demoQA.HandlingAlerts -->
    </test> <!-- Default test -->
  </suite> <!-- Default suite -->
</testng-results>
